<?xml version="1.0" encoding="UTF-8"?>
<!-- Generated by org.testng.reporters.JUnitXMLReporter -->
<testsuite hostname="workstation" ignored="0" name="Test" tests="4" failures="1" timestamp="07 May 2018 02:12:04 GMT" time="19.488" errors="0">
  <testcase name="verifyStudentManditoryFields" time="0.92" classname="framework.CrudStudent"/>
  <testcase name="createStudent" time="13.238" classname="framework.CrudStudent">
    <failure type="org.openqa.selenium.NoSuchElementException" message="no such element: Unable to locate element: {&amp;quot;method&amp;quot;:&amp;quot;xpath&amp;quot;,&amp;quot;selector&amp;quot;:&amp;quot;//td[text()=&amp;apos;Virat Kohli&amp;apos;]&amp;quot;}
  (Session info: chrome=66.0.3359.117)
  (Driver info: chromedriver=2.38.551601 (edb21f07fc70e9027c746edd3201443e011a61ed),platform=Windows NT 6.1.7601 SP1 x86_64) (WARNING: The server did not provide any stacktrace information)
Command duration or timeout: 0 milliseconds
For documentation on this error, please visit: http://seleniumhq.org/exceptions/no_such_element.html
Build info: version: &amp;apos;3.5.3&amp;apos;, revision: &amp;apos;a88d25fe6b&amp;apos;, time: &amp;apos;2017-08-29T12:42:44.417Z&amp;apos;
System info: host: &amp;apos;workstation&amp;apos;, ip: &amp;apos;10.142.0.2&amp;apos;, os.name: &amp;apos;Linux&amp;apos;, os.arch: &amp;apos;amd64&amp;apos;, os.version: &amp;apos;3.10.0-693.21.1.el7.x86_64&amp;apos;, java.version: &amp;apos;1.8.0_171&amp;apos;
Driver info: org.openqa.selenium.remote.RemoteWebDriver
Capabilities [{mobileEmulationEnabled=false, hasTouchScreen=false, platform=XP, acceptSslCerts=false, acceptInsecureCerts=false, webStorageEnabled=true, takesScreenshot=true, browserName=chrome, javascriptEnabled=true, platformName=XP, setWindowRect=true, unexpectedAlertBehaviour=, applicationCacheEnabled=false, rotatable=false, networkConnectionEnabled=false, chrome={chromedriverVersion=2.38.551601 (edb21f07fc70e9027c746edd3201443e011a61ed), userDataDir=C:\Users\ADMINI~1\AppData\Local\Temp\scoped_dir1548_15139}, takesHeapSnapshot=true, unhandledPromptBehavior=, pageLoadStrategy=normal, hasMetadata=true, handlesAlerts=true, databaseEnabled=false, version=66.0.3359.117, browserConnectionEnabled=false, nativeEvents=true, webdriver.remote.sessionid=12ce2b1856a64e66827cfeffb3a3fc38, locationContextEnabled=true, cssSelectorsEnabled=true}]
Session ID: 12ce2b1856a64e66827cfeffb3a3fc38
*** Element info: {Using=xpath, value=//td[text()=&amp;apos;Virat Kohli&amp;apos;]}">
      <![CDATA[org.openqa.selenium.NoSuchElementException: no such element: Unable to locate element: {"method":"xpath","selector":"//td[text()='Virat Kohli']"}
  (Session info: chrome=66.0.3359.117)
  (Driver info: chromedriver=2.38.551601 (edb21f07fc70e9027c746edd3201443e011a61ed),platform=Windows NT 6.1.7601 SP1 x86_64) (WARNING: The server did not provide any stacktrace information)
Command duration or timeout: 0 milliseconds
For documentation on this error, please visit: http://seleniumhq.org/exceptions/no_such_element.html
Build info: version: '3.5.3', revision: 'a88d25fe6b', time: '2017-08-29T12:42:44.417Z'
System info: host: 'workstation', ip: '10.142.0.2', os.name: 'Linux', os.arch: 'amd64', os.version: '3.10.0-693.21.1.el7.x86_64', java.version: '1.8.0_171'
Driver info: org.openqa.selenium.remote.RemoteWebDriver
Capabilities [{mobileEmulationEnabled=false, hasTouchScreen=false, platform=XP, acceptSslCerts=false, acceptInsecureCerts=false, webStorageEnabled=true, takesScreenshot=true, browserName=chrome, javascriptEnabled=true, platformName=XP, setWindowRect=true, unexpectedAlertBehaviour=, applicationCacheEnabled=false, rotatable=false, networkConnectionEnabled=false, chrome={chromedriverVersion=2.38.551601 (edb21f07fc70e9027c746edd3201443e011a61ed), userDataDir=C:\Users\ADMINI~1\AppData\Local\Temp\scoped_dir1548_15139}, takesHeapSnapshot=true, unhandledPromptBehavior=, pageLoadStrategy=normal, hasMetadata=true, handlesAlerts=true, databaseEnabled=false, version=66.0.3359.117, browserConnectionEnabled=false, nativeEvents=true, webdriver.remote.sessionid=12ce2b1856a64e66827cfeffb3a3fc38, locationContextEnabled=true, cssSelectorsEnabled=true}]
Session ID: 12ce2b1856a64e66827cfeffb3a3fc38
*** Element info: {Using=xpath, value=//td[text()='Virat Kohli']}
	at org.openqa.selenium.remote.ErrorHandler.createThrowable(ErrorHandler.java:215)
	at org.openqa.selenium.remote.ErrorHandler.throwIfResponseFailed(ErrorHandler.java:167)
	at org.openqa.selenium.remote.http.JsonHttpResponseCodec.reconstructValue(JsonHttpResponseCodec.java:40)
	at org.openqa.selenium.remote.http.AbstractHttpResponseCodec.decode(AbstractHttpResponseCodec.java:82)
	at org.openqa.selenium.remote.http.AbstractHttpResponseCodec.decode(AbstractHttpResponseCodec.java:45)
	at org.openqa.selenium.remote.HttpCommandExecutor.execute(HttpCommandExecutor.java:164)
	at org.openqa.selenium.remote.RemoteWebDriver.execute(RemoteWebDriver.java:646)
	at org.openqa.selenium.remote.RemoteWebDriver.findElement(RemoteWebDriver.java:416)
	at org.openqa.selenium.remote.RemoteWebDriver.findElementByXPath(RemoteWebDriver.java:518)
	at org.openqa.selenium.By$ByXPath.findElement(By.java:361)
	at org.openqa.selenium.remote.RemoteWebDriver.findElement(RemoteWebDriver.java:408)
	at framework.CrudStudent.createStudent(CrudStudent.java:59)
... Removed 33 stack frames]]>
    </failure>
  </testcase> <!-- createStudent -->
  <testcase name="editStudent" time="0.0" classname="framework.CrudStudent">
    <skipped/>
  </testcase> <!-- editStudent -->
  <testcase name="deleteStudent" time="0.0" classname="framework.CrudStudent">
    <skipped/>
  </testcase> <!-- deleteStudent -->
</testsuite> <!-- Test -->
