<?xml version="1.0" encoding="UTF-8"?>
<testsuite xmlns:xsi="http://www.w3.org/2001/XMLSchema-instance" xsi:noNamespaceSchemaLocation="https://maven.apache.org/surefire/maven-surefire-plugin/xsd/surefire-test-report.xsd" name="TestSuite" time="20.212" tests="4" errors="0" skipped="2" failures="1">
  <properties>
    <property name="awt.toolkit" value="sun.awt.X11.XToolkit"/>
    <property name="file.encoding.pkg" value="sun.io"/>
    <property name="java.specification.version" value="1.8"/>
    <property name="webdriver.chrome.driver" value="/home/ec2-user/selenium/src/test/resources/selenium_standalone_binaries/linux/googlechrome/64bit/chromedriver"/>
    <property name="sun.cpu.isalist" value=""/>
    <property name="sun.jnu.encoding" value="UTF-8"/>
    <property name="java.class.path" value="/home/ec2-user/selenium/target/test-classes:/home/ec2-user/selenium/target/classes:/home/ec2-user/.m2/repository/org/seleniumhq/selenium/selenium-java/3.5.3/selenium-java-3.5.3.jar:/home/ec2-user/.m2/repository/org/seleniumhq/selenium/selenium-api/3.5.3/selenium-api-3.5.3.jar:/home/ec2-user/.m2/repository/org/seleniumhq/selenium/selenium-chrome-driver/3.5.3/selenium-chrome-driver-3.5.3.jar:/home/ec2-user/.m2/repository/org/seleniumhq/selenium/selenium-edge-driver/3.5.3/selenium-edge-driver-3.5.3.jar:/home/ec2-user/.m2/repository/org/seleniumhq/selenium/selenium-firefox-driver/3.5.3/selenium-firefox-driver-3.5.3.jar:/home/ec2-user/.m2/repository/org/seleniumhq/selenium/selenium-ie-driver/3.5.3/selenium-ie-driver-3.5.3.jar:/home/ec2-user/.m2/repository/org/seleniumhq/selenium/selenium-opera-driver/3.5.3/selenium-opera-driver-3.5.3.jar:/home/ec2-user/.m2/repository/org/seleniumhq/selenium/selenium-safari-driver/3.5.3/selenium-safari-driver-3.5.3.jar:/home/ec2-user/.m2/repository/org/seleniumhq/selenium/selenium-support/3.5.3/selenium-support-3.5.3.jar:/home/ec2-user/.m2/repository/cglib/cglib-nodep/3.2.4/cglib-nodep-3.2.4.jar:/home/ec2-user/.m2/repository/org/apache/commons/commons-exec/1.3/commons-exec-1.3.jar:/home/ec2-user/.m2/repository/org/apache/commons/commons-lang3/3.5/commons-lang3-3.5.jar:/home/ec2-user/.m2/repository/commons-codec/commons-codec/1.10/commons-codec-1.10.jar:/home/ec2-user/.m2/repository/commons-io/commons-io/2.5/commons-io-2.5.jar:/home/ec2-user/.m2/repository/commons-logging/commons-logging/1.2/commons-logging-1.2.jar:/home/ec2-user/.m2/repository/org/w3c/css/sac/1.3/sac-1.3.jar:/home/ec2-user/.m2/repository/net/sourceforge/cssparser/cssparser/0.9.23/cssparser-0.9.23.jar:/home/ec2-user/.m2/repository/com/google/code/gson/gson/2.8.0/gson-2.8.0.jar:/home/ec2-user/.m2/repository/com/google/guava/guava/23.0/guava-23.0.jar:/home/ec2-user/.m2/repository/com/google/code/findbugs/jsr305/1.3.9/jsr305-1.3.9.jar:/home/ec2-user/.m2/repository/com/google/errorprone/error_prone_annotations/2.0.18/error_prone_annotations-2.0.18.jar:/home/ec2-user/.m2/repository/com/google/j2objc/j2objc-annotations/1.1/j2objc-annotations-1.1.jar:/home/ec2-user/.m2/repository/org/codehaus/mojo/animal-sniffer-annotations/1.14/animal-sniffer-annotations-1.14.jar:/home/ec2-user/.m2/repository/org/hamcrest/hamcrest-core/1.3/hamcrest-core-1.3.jar:/home/ec2-user/.m2/repository/net/sourceforge/htmlunit/htmlunit/2.27/htmlunit-2.27.jar:/home/ec2-user/.m2/repository/net/sourceforge/htmlunit/htmlunit-core-js/2.27/htmlunit-core-js-2.27.jar:/home/ec2-user/.m2/repository/net/sourceforge/htmlunit/neko-htmlunit/2.27/neko-htmlunit-2.27.jar:/home/ec2-user/.m2/repository/org/apache/httpcomponents/httpclient/4.5.3/httpclient-4.5.3.jar:/home/ec2-user/.m2/repository/org/apache/httpcomponents/httpcore/4.4.6/httpcore-4.4.6.jar:/home/ec2-user/.m2/repository/org/apache/httpcomponents/httpmime/4.5.3/httpmime-4.5.3.jar:/home/ec2-user/.m2/repository/org/eclipse/jetty/jetty-client/9.4.5.v20170502/jetty-client-9.4.5.v20170502.jar:/home/ec2-user/.m2/repository/org/eclipse/jetty/jetty-http/9.4.5.v20170502/jetty-http-9.4.5.v20170502.jar:/home/ec2-user/.m2/repository/org/eclipse/jetty/jetty-io/9.4.5.v20170502/jetty-io-9.4.5.v20170502.jar:/home/ec2-user/.m2/repository/org/eclipse/jetty/jetty-util/9.4.5.v20170502/jetty-util-9.4.5.v20170502.jar:/home/ec2-user/.m2/repository/net/java/dev/jna/jna/4.1.0/jna-4.1.0.jar:/home/ec2-user/.m2/repository/net/java/dev/jna/jna-platform/4.1.0/jna-platform-4.1.0.jar:/home/ec2-user/.m2/repository/junit/junit/4.12/junit-4.12.jar:/home/ec2-user/.m2/repository/com/codeborne/phantomjsdriver/1.4.0/phantomjsdriver-1.4.0.jar:/home/ec2-user/.m2/repository/org/seleniumhq/selenium/htmlunit-driver/2.27/htmlunit-driver-2.27.jar:/home/ec2-user/.m2/repository/javax/servlet/javax.servlet-api/3.1.0/javax.servlet-api-3.1.0.jar:/home/ec2-user/.m2/repository/org/eclipse/jetty/websocket/websocket-api/9.4.5.v20170502/websocket-api-9.4.5.v20170502.jar:/home/ec2-user/.m2/repository/org/eclipse/jetty/websocket/websocket-client/9.4.5.v20170502/websocket-client-9.4.5.v20170502.jar:/home/ec2-user/.m2/repository/org/eclipse/jetty/websocket/websocket-common/9.4.5.v20170502/websocket-common-9.4.5.v20170502.jar:/home/ec2-user/.m2/repository/xalan/serializer/2.7.2/serializer-2.7.2.jar:/home/ec2-user/.m2/repository/xalan/xalan/2.7.2/xalan-2.7.2.jar:/home/ec2-user/.m2/repository/xerces/xercesImpl/2.11.0/xercesImpl-2.11.0.jar:/home/ec2-user/.m2/repository/xml-apis/xml-apis/1.4.01/xml-apis-1.4.01.jar:/home/ec2-user/.m2/repository/org/seleniumhq/selenium/selenium-remote-driver/3.5.3/selenium-remote-driver-3.5.3.jar:/home/ec2-user/.m2/repository/org/testng/testng/6.11/testng-6.11.jar:/home/ec2-user/.m2/repository/com/beust/jcommander/1.64/jcommander-1.64.jar:/home/ec2-user/.m2/repository/org/yaml/snakeyaml/1.17/snakeyaml-1.17.jar:/home/ec2-user/.m2/repository/org/apache/maven/surefire/surefire-testng-utils/2.20.1/surefire-testng-utils-2.20.1.jar:/home/ec2-user/.m2/repository/org/apache/maven/surefire/surefire-grouper/2.20.1/surefire-grouper-2.20.1.jar:"/>
    <property name="remote" value="true"/>
    <property name="java.vm.vendor" value="Oracle Corporation"/>
    <property name="sun.arch.data.model" value="64"/>
    <property name="webdriver.ie.driver" value=""/>
    <property name="java.vendor.url" value="http://java.oracle.com/"/>
    <property name="user.timezone" value=""/>
    <property name="java.vm.specification.version" value="1.8"/>
    <property name="os.name" value="Linux"/>
    <property name="user.country" value="US"/>
    <property name="sun.java.launcher" value="SUN_STANDARD"/>
    <property name="sun.boot.library.path" value="/usr/java/jdk1.8.0_171-amd64/jre/lib/amd64"/>
    <property name="sun.java.command" value="/home/ec2-user/selenium/target/surefire/surefirebooter3877747895566712512.jar /home/ec2-user/selenium/target/surefire 2018-05-07T02-11-42_520-jvmRun1 surefire8165721046643970718tmp surefire_01046469486561172116tmp"/>
    <property name="surefire.test.class.path" value="/home/ec2-user/selenium/target/test-classes:/home/ec2-user/selenium/target/classes:/home/ec2-user/.m2/repository/org/seleniumhq/selenium/selenium-java/3.5.3/selenium-java-3.5.3.jar:/home/ec2-user/.m2/repository/org/seleniumhq/selenium/selenium-api/3.5.3/selenium-api-3.5.3.jar:/home/ec2-user/.m2/repository/org/seleniumhq/selenium/selenium-chrome-driver/3.5.3/selenium-chrome-driver-3.5.3.jar:/home/ec2-user/.m2/repository/org/seleniumhq/selenium/selenium-edge-driver/3.5.3/selenium-edge-driver-3.5.3.jar:/home/ec2-user/.m2/repository/org/seleniumhq/selenium/selenium-firefox-driver/3.5.3/selenium-firefox-driver-3.5.3.jar:/home/ec2-user/.m2/repository/org/seleniumhq/selenium/selenium-ie-driver/3.5.3/selenium-ie-driver-3.5.3.jar:/home/ec2-user/.m2/repository/org/seleniumhq/selenium/selenium-opera-driver/3.5.3/selenium-opera-driver-3.5.3.jar:/home/ec2-user/.m2/repository/org/seleniumhq/selenium/selenium-safari-driver/3.5.3/selenium-safari-driver-3.5.3.jar:/home/ec2-user/.m2/repository/org/seleniumhq/selenium/selenium-support/3.5.3/selenium-support-3.5.3.jar:/home/ec2-user/.m2/repository/cglib/cglib-nodep/3.2.4/cglib-nodep-3.2.4.jar:/home/ec2-user/.m2/repository/org/apache/commons/commons-exec/1.3/commons-exec-1.3.jar:/home/ec2-user/.m2/repository/org/apache/commons/commons-lang3/3.5/commons-lang3-3.5.jar:/home/ec2-user/.m2/repository/commons-codec/commons-codec/1.10/commons-codec-1.10.jar:/home/ec2-user/.m2/repository/commons-io/commons-io/2.5/commons-io-2.5.jar:/home/ec2-user/.m2/repository/commons-logging/commons-logging/1.2/commons-logging-1.2.jar:/home/ec2-user/.m2/repository/org/w3c/css/sac/1.3/sac-1.3.jar:/home/ec2-user/.m2/repository/net/sourceforge/cssparser/cssparser/0.9.23/cssparser-0.9.23.jar:/home/ec2-user/.m2/repository/com/google/code/gson/gson/2.8.0/gson-2.8.0.jar:/home/ec2-user/.m2/repository/com/google/guava/guava/23.0/guava-23.0.jar:/home/ec2-user/.m2/repository/com/google/code/findbugs/jsr305/1.3.9/jsr305-1.3.9.jar:/home/ec2-user/.m2/repository/com/google/errorprone/error_prone_annotations/2.0.18/error_prone_annotations-2.0.18.jar:/home/ec2-user/.m2/repository/com/google/j2objc/j2objc-annotations/1.1/j2objc-annotations-1.1.jar:/home/ec2-user/.m2/repository/org/codehaus/mojo/animal-sniffer-annotations/1.14/animal-sniffer-annotations-1.14.jar:/home/ec2-user/.m2/repository/org/hamcrest/hamcrest-core/1.3/hamcrest-core-1.3.jar:/home/ec2-user/.m2/repository/net/sourceforge/htmlunit/htmlunit/2.27/htmlunit-2.27.jar:/home/ec2-user/.m2/repository/net/sourceforge/htmlunit/htmlunit-core-js/2.27/htmlunit-core-js-2.27.jar:/home/ec2-user/.m2/repository/net/sourceforge/htmlunit/neko-htmlunit/2.27/neko-htmlunit-2.27.jar:/home/ec2-user/.m2/repository/org/apache/httpcomponents/httpclient/4.5.3/httpclient-4.5.3.jar:/home/ec2-user/.m2/repository/org/apache/httpcomponents/httpcore/4.4.6/httpcore-4.4.6.jar:/home/ec2-user/.m2/repository/org/apache/httpcomponents/httpmime/4.5.3/httpmime-4.5.3.jar:/home/ec2-user/.m2/repository/org/eclipse/jetty/jetty-client/9.4.5.v20170502/jetty-client-9.4.5.v20170502.jar:/home/ec2-user/.m2/repository/org/eclipse/jetty/jetty-http/9.4.5.v20170502/jetty-http-9.4.5.v20170502.jar:/home/ec2-user/.m2/repository/org/eclipse/jetty/jetty-io/9.4.5.v20170502/jetty-io-9.4.5.v20170502.jar:/home/ec2-user/.m2/repository/org/eclipse/jetty/jetty-util/9.4.5.v20170502/jetty-util-9.4.5.v20170502.jar:/home/ec2-user/.m2/repository/net/java/dev/jna/jna/4.1.0/jna-4.1.0.jar:/home/ec2-user/.m2/repository/net/java/dev/jna/jna-platform/4.1.0/jna-platform-4.1.0.jar:/home/ec2-user/.m2/repository/junit/junit/4.12/junit-4.12.jar:/home/ec2-user/.m2/repository/com/codeborne/phantomjsdriver/1.4.0/phantomjsdriver-1.4.0.jar:/home/ec2-user/.m2/repository/org/seleniumhq/selenium/htmlunit-driver/2.27/htmlunit-driver-2.27.jar:/home/ec2-user/.m2/repository/javax/servlet/javax.servlet-api/3.1.0/javax.servlet-api-3.1.0.jar:/home/ec2-user/.m2/repository/org/eclipse/jetty/websocket/websocket-api/9.4.5.v20170502/websocket-api-9.4.5.v20170502.jar:/home/ec2-user/.m2/repository/org/eclipse/jetty/websocket/websocket-client/9.4.5.v20170502/websocket-client-9.4.5.v20170502.jar:/home/ec2-user/.m2/repository/org/eclipse/jetty/websocket/websocket-common/9.4.5.v20170502/websocket-common-9.4.5.v20170502.jar:/home/ec2-user/.m2/repository/xalan/serializer/2.7.2/serializer-2.7.2.jar:/home/ec2-user/.m2/repository/xalan/xalan/2.7.2/xalan-2.7.2.jar:/home/ec2-user/.m2/repository/xerces/xercesImpl/2.11.0/xercesImpl-2.11.0.jar:/home/ec2-user/.m2/repository/xml-apis/xml-apis/1.4.01/xml-apis-1.4.01.jar:/home/ec2-user/.m2/repository/org/seleniumhq/selenium/selenium-remote-driver/3.5.3/selenium-remote-driver-3.5.3.jar:/home/ec2-user/.m2/repository/org/testng/testng/6.11/testng-6.11.jar:/home/ec2-user/.m2/repository/com/beust/jcommander/1.64/jcommander-1.64.jar:/home/ec2-user/.m2/repository/org/yaml/snakeyaml/1.17/snakeyaml-1.17.jar:/home/ec2-user/.m2/repository/org/apache/maven/surefire/surefire-testng-utils/2.20.1/surefire-testng-utils-2.20.1.jar:/home/ec2-user/.m2/repository/org/apache/maven/surefire/surefire-grouper/2.20.1/surefire-grouper-2.20.1.jar:"/>
    <property name="sun.cpu.endian" value="little"/>
    <property name="user.home" value="/home/ec2-user"/>
    <property name="user.language" value="en"/>
    <property name="remoteDriver" value="true"/>
    <property name="java.specification.vendor" value="Oracle Corporation"/>
    <property name="java.home" value="/usr/java/jdk1.8.0_171-amd64/jre"/>
    <property name="basedir" value="/home/ec2-user/selenium"/>
    <property name="file.separator" value="/"/>
    <property name="webdriver.firefox.driver" value=""/>
    <property name="line.separator" value="&#10;"/>
    <property name="java.vm.specification.vendor" value="Oracle Corporation"/>
    <property name="java.specification.name" value="Java Platform API Specification"/>
    <property name="java.awt.graphicsenv" value="sun.awt.X11GraphicsEnvironment"/>
    <property name="surefire.real.class.path" value="/home/ec2-user/selenium/target/surefire/surefirebooter3877747895566712512.jar"/>
    <property name="desiredPlatform" value=""/>
    <property name="sun.boot.class.path" value="/usr/java/jdk1.8.0_171-amd64/jre/lib/resources.jar:/usr/java/jdk1.8.0_171-amd64/jre/lib/rt.jar:/usr/java/jdk1.8.0_171-amd64/jre/lib/sunrsasign.jar:/usr/java/jdk1.8.0_171-amd64/jre/lib/jsse.jar:/usr/java/jdk1.8.0_171-amd64/jre/lib/jce.jar:/usr/java/jdk1.8.0_171-amd64/jre/lib/charsets.jar:/usr/java/jdk1.8.0_171-amd64/jre/lib/jfr.jar:/usr/java/jdk1.8.0_171-amd64/jre/classes"/>
    <property name="sun.management.compiler" value="HotSpot 64-Bit Tiered Compilers"/>
    <property name="java.runtime.version" value="1.8.0_171-b11"/>
    <property name="user.name" value="ec2-user"/>
    <property name="path.separator" value=":"/>
    <property name="os.version" value="3.10.0-693.21.1.el7.x86_64"/>
    <property name="java.endorsed.dirs" value="/usr/java/jdk1.8.0_171-amd64/jre/lib/endorsed"/>
    <property name="java.runtime.name" value="Java(TM) SE Runtime Environment"/>
    <property name="file.encoding" value="UTF-8"/>
    <property name="browser" value="chrome"/>
    <property name="java.vm.name" value="Java HotSpot(TM) 64-Bit Server VM"/>
    <property name="seleniumGridURL" value="http://rwn0518:71227c08-1c38-4f8f-a195-b13dbe86b609@ondemand.saucelabs.com:80/wd/hub"/>
    <property name="localRepository" value="/home/ec2-user/.m2/repository"/>
    <property name="java.vendor.url.bug" value="http://bugreport.sun.com/bugreport/"/>
    <property name="java.io.tmpdir" value="/tmp"/>
    <property name="desiredBrowserVersion" value=""/>
    <property name="java.version" value="1.8.0_171"/>
    <property name="user.dir" value="/home/ec2-user/selenium"/>
    <property name="os.arch" value="amd64"/>
    <property name="gridURL" value="http://rwn0518:71227c08-1c38-4f8f-a195-b13dbe86b609@ondemand.saucelabs.com:80/wd/hub"/>
    <property name="java.vm.specification.name" value="Java Virtual Machine Specification"/>
    <property name="java.awt.printerjob" value="sun.print.PSPrinterJob"/>
    <property name="sun.os.patch.level" value="unknown"/>
    <property name="java.library.path" value="/usr/java/packages/lib/amd64:/usr/lib64:/lib64:/lib:/usr/lib"/>
    <property name="java.vm.info" value="mixed mode"/>
    <property name="java.vendor" value="Oracle Corporation"/>
    <property name="java.vm.version" value="25.171-b11"/>
    <property name="java.ext.dirs" value="/usr/java/jdk1.8.0_171-amd64/jre/lib/ext:/usr/java/packages/lib/ext"/>
    <property name="sun.io.unicode.encoding" value="UnicodeLittle"/>
    <property name="java.class.version" value="52.0"/>
  </properties>
  <testcase name="verifyStudentManditoryFields" classname="framework.CrudStudent" time="0.919"/>
  <testcase name="createStudent" classname="framework.CrudStudent" time="13.263">
    <failure message="no such element: Unable to locate element: {&quot;method&quot;:&quot;xpath&quot;,&quot;selector&quot;:&quot;//td[text()=&apos;Virat Kohli&apos;]&quot;}&#10;  (Session info: chrome=66.0.3359.117)&#10;  (Driver info: chromedriver=2.38.551601 (edb21f07fc70e9027c746edd3201443e011a61ed),platform=Windows NT 6.1.7601 SP1 x86_64) (WARNING: The server did not provide any stacktrace information)&#10;Command duration or timeout: 0 milliseconds&#10;For documentation on this error, please visit: http://seleniumhq.org/exceptions/no_such_element.html&#10;Build info: version: &apos;3.5.3&apos;, revision: &apos;a88d25fe6b&apos;, time: &apos;2017-08-29T12:42:44.417Z&apos;&#10;System info: host: &apos;workstation&apos;, ip: &apos;10.142.0.2&apos;, os.name: &apos;Linux&apos;, os.arch: &apos;amd64&apos;, os.version: &apos;3.10.0-693.21.1.el7.x86_64&apos;, java.version: &apos;1.8.0_171&apos;&#10;Driver info: org.openqa.selenium.remote.RemoteWebDriver&#10;Capabilities [{mobileEmulationEnabled=false, hasTouchScreen=false, platform=XP, acceptSslCerts=false, acceptInsecureCerts=false, webStorageEnabled=true, takesScreenshot=true, browserName=chrome, javascriptEnabled=true, platformName=XP, setWindowRect=true, unexpectedAlertBehaviour=, applicationCacheEnabled=false, rotatable=false, networkConnectionEnabled=false, chrome={chromedriverVersion=2.38.551601 (edb21f07fc70e9027c746edd3201443e011a61ed), userDataDir=C:\Users\ADMINI~1\AppData\Local\Temp\scoped_dir1548_15139}, takesHeapSnapshot=true, unhandledPromptBehavior=, pageLoadStrategy=normal, hasMetadata=true, handlesAlerts=true, databaseEnabled=false, version=66.0.3359.117, browserConnectionEnabled=false, nativeEvents=true, webdriver.remote.sessionid=12ce2b1856a64e66827cfeffb3a3fc38, locationContextEnabled=true, cssSelectorsEnabled=true}]&#10;Session ID: 12ce2b1856a64e66827cfeffb3a3fc38&#10;*** Element info: {Using=xpath, value=//td[text()=&apos;Virat Kohli&apos;]}" type="org.openqa.selenium.NoSuchElementException">org.openqa.selenium.NoSuchElementException: 
no such element: Unable to locate element: {"method":"xpath","selector":"//td[text()='Virat Kohli']"}
  (Session info: chrome=66.0.3359.117)
  (Driver info: chromedriver=2.38.551601 (edb21f07fc70e9027c746edd3201443e011a61ed),platform=Windows NT 6.1.7601 SP1 x86_64) (WARNING: The server did not provide any stacktrace information)
Command duration or timeout: 0 milliseconds
For documentation on this error, please visit: http://seleniumhq.org/exceptions/no_such_element.html
Build info: version: '3.5.3', revision: 'a88d25fe6b', time: '2017-08-29T12:42:44.417Z'
System info: host: 'workstation', ip: '10.142.0.2', os.name: 'Linux', os.arch: 'amd64', os.version: '3.10.0-693.21.1.el7.x86_64', java.version: '1.8.0_171'
Driver info: org.openqa.selenium.remote.RemoteWebDriver
Capabilities [{mobileEmulationEnabled=false, hasTouchScreen=false, platform=XP, acceptSslCerts=false, acceptInsecureCerts=false, webStorageEnabled=true, takesScreenshot=true, browserName=chrome, javascriptEnabled=true, platformName=XP, setWindowRect=true, unexpectedAlertBehaviour=, applicationCacheEnabled=false, rotatable=false, networkConnectionEnabled=false, chrome={chromedriverVersion=2.38.551601 (edb21f07fc70e9027c746edd3201443e011a61ed), userDataDir=C:\Users\ADMINI~1\AppData\Local\Temp\scoped_dir1548_15139}, takesHeapSnapshot=true, unhandledPromptBehavior=, pageLoadStrategy=normal, hasMetadata=true, handlesAlerts=true, databaseEnabled=false, version=66.0.3359.117, browserConnectionEnabled=false, nativeEvents=true, webdriver.remote.sessionid=12ce2b1856a64e66827cfeffb3a3fc38, locationContextEnabled=true, cssSelectorsEnabled=true}]
Session ID: 12ce2b1856a64e66827cfeffb3a3fc38
*** Element info: {Using=xpath, value=//td[text()='Virat Kohli']}
	at framework.CrudStudent.createStudent(CrudStudent.java:59)
</failure>
  </testcase>
  <testcase name="editStudent" classname="framework.CrudStudent" time="0">
    <skipped message="Method CrudStudent.editStudent()[pri:3, instance:framework.CrudStudent@6615435c] depends on not successfully finished methods"/>
  </testcase>
  <testcase name="deleteStudent" classname="framework.CrudStudent" time="0">
    <skipped message="Method CrudStudent.deleteStudent()[pri:4, instance:framework.CrudStudent@6615435c] depends on not successfully finished methods"/>
  </testcase>
</testsuite>